<?xml version="1.0" encoding="UTF-8"?>
<robot generator="Robot 7.4.2 (Python 3.14.0 on win32)" generated="2026-06-02T16:30:40.527449" rpa="false" schemaversion="5">
<suite id="s1" name="Web" source="C:\Users\Windows\Documents\GitHub\TaNaHora\testes-matheus\robotselenium\web.robot">
<test id="s1-t1" name="Abrir google.com" line="9">
<kw name="Open Browser" owner="SeleniumLibrary">
<msg time="2026-06-02T16:30:41.002579" level="INFO">Opening browser 'chrome' to base url 'https://www.google.com/'.</msg>
<arg>${URL}</arg>
<arg>${BROWSER}</arg>
<doc>Opens a new browser instance to the optional ``url``.</doc>
<status status="PASS" start="2026-06-02T16:30:41.002276" elapsed="1.807752"/>
</kw>
<kw name="Sleep" owner="BuiltIn">
<msg time="2026-06-02T16:30:44.811859" level="INFO">Slept 2 seconds.</msg>
<arg>2s</arg>
<doc>Pauses the test executed for the given time.</doc>
<status status="PASS" start="2026-06-02T16:30:42.810688" elapsed="2.001291"/>
</kw>
<kw name="Get Title" owner="SeleniumLibrary">
<msg time="2026-06-02T16:30:44.819281" level="INFO">${title} = Google</msg>
<var>${title}</var>
<doc>Returns the title of the current page.</doc>
<status status="PASS" start="2026-06-02T16:30:44.812483" elapsed="0.006847"/>
</kw>
<kw name="Should Contain" owner="BuiltIn">
<arg>${title}</arg>
<arg>Google</arg>
<doc>Fails if ``container`` does not contain ``item`` one or more times.</doc>
<status status="PASS" start="2026-06-02T16:30:44.819659" elapsed="0.000752"/>
</kw>
<kw name="Close Browser" owner="SeleniumLibrary">
<doc>Closes the current browser.</doc>
<status status="PASS" start="2026-06-02T16:30:44.820861" elapsed="2.215772"/>
</kw>
<status status="PASS" start="2026-06-02T16:30:41.000851" elapsed="6.036272"/>
</test>
<status status="PASS" start="2026-06-02T16:30:40.529646" elapsed="6.508674"/>
</suite>
<statistics>
<total>
<stat pass="1" fail="0" skip="0">All Tests</stat>
</total>
<tag>
</tag>
<suite>
<stat name="Web" id="s1" pass="1" fail="0" skip="0">Web</stat>
</suite>
</statistics>
<errors>
</errors>
</robot>
